2026-06-11 10:42:48 -INFO - Starting FinGuardApplicationTests using Java 21 with PID 27328 (started by 2492406 in C:\Users\2492406\IdeaProjects\Finguardv1\Finguard\FinGuard-main\FinGuard-master-main\FinGuard-master)
2026-06-11 10:42:48 -INFO - No active profile set, falling back to 1 default profile: "default"
2026-06-11 10:42:50 -INFO - Bootstrapping Spring Data JPA repositories in DEFAULT mode.
2026-06-11 10:42:50 -INFO - Finished Spring Data repository scanning in 125 ms. Found 6 JPA repository interfaces.
2026-06-11 10:42:51 -INFO - HHH008540: Processing PersistenceUnitInfo [name: default]
2026-06-11 10:42:51 -INFO - HHH000001: Hibernate ORM core version 7.2.7.Final
2026-06-11 10:42:52 -INFO - No LoadTimeWeaver setup: ignoring JPA class transformer
2026-06-11 10:42:52 -INFO - HikariPool-1 - Starting...
2026-06-11 10:42:53 -INFO - HikariPool-1 - Added connection com.mysql.cj.jdbc.ConnectionImpl@3f2ab6ec
2026-06-11 10:42:53 -INFO - HikariPool-1 - Start completed.
2026-06-11 10:42:53 -INFO - HHH10001005: Database info:
	Database JDBC URL [jdbc:mysql://localhost:3306/db]
	Database driver: MySQL Connector/J
	Database dialect: MySQLDialect
	Database version: 8.0.45
	Default catalog/schema: db/undefined
	Autocommit mode: undefined/unknown
	Isolation level: REPEATABLE_READ [default REPEATABLE_READ]
	JDBC fetch size: none
	Pool: DataSourceConnectionProvider
	Minimum pool size: undefined/unknown
	Maximum pool size: undefined/unknown
2026-06-11 10:42:55 -INFO - HHH000489: No JTA platform available (set 'hibernate.transaction.jta.platform' to enable JTA platform integration)
2026-06-11 10:42:55 -INFO - Initialized JPA EntityManagerFactory for persistence unit 'default'
2026-06-11 10:42:55 -INFO - Hibernate is in classpath; If applicable, HQL parser will be used.
2026-06-11 10:42:56 -WARN - 

Using generated security password: 59161b6e-9476-4998-90e4-17da50220589

This generated password is for development use only. Your security configuration must be updated before running your application in production.

2026-06-11 10:42:56 -INFO - Global AuthenticationManager configured with UserDetailsService bean with name inMemoryUserDetailsManager
2026-06-11 10:42:57 -INFO - Exposing 1 endpoint beneath base path '/actuator'
2026-06-11 10:42:57 -INFO - Started FinGuardApplicationTests in 8.976 seconds (process running for 10.953)
2026-06-11 10:42:58 -INFO - Closing JPA EntityManagerFactory for persistence unit 'default'
2026-06-11 10:42:58 -INFO - HikariPool-1 - Shutdown initiated...
2026-06-11 10:42:58 -INFO - HikariPool-1 - Shutdown completed.
2026-06-11 10:44:37 -INFO - Starting FinGuardApplicationTests using Java 21 with PID 27340 (started by 2492406 in C:\Users\2492406\IdeaProjects\Finguardv1\Finguard\FinGuard-main\FinGuard-master-main\FinGuard-master)
2026-06-11 10:44:37 -INFO - No active profile set, falling back to 1 default profile: "default"
2026-06-11 10:44:39 -INFO - Bootstrapping Spring Data JPA repositories in DEFAULT mode.
2026-06-11 10:44:39 -INFO - Finished Spring Data repository scanning in 137 ms. Found 6 JPA repository interfaces.
2026-06-11 10:44:40 -INFO - HHH008540: Processing PersistenceUnitInfo [name: default]
2026-06-11 10:44:40 -INFO - HHH000001: Hibernate ORM core version 7.2.7.Final
2026-06-11 10:44:41 -INFO - No LoadTimeWeaver setup: ignoring JPA class transformer
2026-06-11 10:44:41 -INFO - HikariPool-1 - Starting...
2026-06-11 10:44:41 -INFO - HikariPool-1 - Added connection com.mysql.cj.jdbc.ConnectionImpl@59db8216
2026-06-11 10:44:41 -INFO - HikariPool-1 - Start completed.
2026-06-11 10:44:41 -INFO - HHH10001005: Database info:
	Database JDBC URL [jdbc:mysql://localhost:3306/db]
	Database driver: MySQL Connector/J
	Database dialect: MySQLDialect
	Database version: 8.0.45
	Default catalog/schema: db/undefined
	Autocommit mode: undefined/unknown
	Isolation level: REPEATABLE_READ [default REPEATABLE_READ]
	JDBC fetch size: none
	Pool: DataSourceConnectionProvider
	Minimum pool size: undefined/unknown
	Maximum pool size: undefined/unknown
2026-06-11 10:44:43 -INFO - HHH000489: No JTA platform available (set 'hibernate.transaction.jta.platform' to enable JTA platform integration)
2026-06-11 10:44:43 -INFO - Initialized JPA EntityManagerFactory for persistence unit 'default'
2026-06-11 10:44:43 -INFO - Hibernate is in classpath; If applicable, HQL parser will be used.
2026-06-11 10:44:44 -WARN - 

Using generated security password: fdc5d635-98b3-43dd-afbc-fe6a667ac520

This generated password is for development use only. Your security configuration must be updated before running your application in production.

2026-06-11 10:44:44 -INFO - Global AuthenticationManager configured with UserDetailsService bean with name inMemoryUserDetailsManager
2026-06-11 10:44:45 -INFO - Exposing 1 endpoint beneath base path '/actuator'
2026-06-11 10:44:45 -INFO - Started FinGuardApplicationTests in 8.037 seconds (process running for 9.533)
2026-06-11 10:44:47 -INFO - Closing JPA EntityManagerFactory for persistence unit 'default'
2026-06-11 10:44:47 -INFO - HikariPool-1 - Shutdown initiated...
2026-06-11 10:44:47 -INFO - HikariPool-1 - Shutdown completed.
2026-06-11 10:45:22 -INFO - Starting FinGuardApplicationTests using Java 21 with PID 29680 (started by 2492406 in C:\Users\2492406\IdeaProjects\Finguardv1\Finguard\FinGuard-main\FinGuard-master-main\FinGuard-master)
2026-06-11 10:45:22 -INFO - No active profile set, falling back to 1 default profile: "default"
2026-06-11 10:45:23 -INFO - Bootstrapping Spring Data JPA repositories in DEFAULT mode.
2026-06-11 10:45:24 -INFO - Finished Spring Data repository scanning in 143 ms. Found 6 JPA repository interfaces.
2026-06-11 10:45:24 -INFO - HHH008540: Processing PersistenceUnitInfo [name: default]
2026-06-11 10:45:25 -INFO - HHH000001: Hibernate ORM core version 7.2.7.Final
2026-06-11 10:45:25 -INFO - No LoadTimeWeaver setup: ignoring JPA class transformer
2026-06-11 10:45:25 -INFO - HikariPool-1 - Starting...
2026-06-11 10:45:26 -INFO - HikariPool-1 - Added connection com.mysql.cj.jdbc.ConnectionImpl@59db8216
2026-06-11 10:45:26 -INFO - HikariPool-1 - Start completed.
2026-06-11 10:45:26 -INFO - HHH10001005: Database info:
	Database JDBC URL [jdbc:mysql://localhost:3306/db]
	Database driver: MySQL Connector/J
	Database dialect: MySQLDialect
	Database version: 8.0.45
	Default catalog/schema: db/undefined
	Autocommit mode: undefined/unknown
	Isolation level: REPEATABLE_READ [default REPEATABLE_READ]
	JDBC fetch size: none
	Pool: DataSourceConnectionProvider
	Minimum pool size: undefined/unknown
	Maximum pool size: undefined/unknown
2026-06-11 10:45:27 -INFO - HHH000489: No JTA platform available (set 'hibernate.transaction.jta.platform' to enable JTA platform integration)
2026-06-11 10:45:27 -INFO - Initialized JPA EntityManagerFactory for persistence unit 'default'
2026-06-11 10:45:27 -INFO - Hibernate is in classpath; If applicable, HQL parser will be used.
2026-06-11 10:45:28 -WARN - 

Using generated security password: a498a5bb-50e3-4c0d-b0aa-73e72394615d

This generated password is for development use only. Your security configuration must be updated before running your application in production.

2026-06-11 10:45:28 -INFO - Global AuthenticationManager configured with UserDetailsService bean with name inMemoryUserDetailsManager
2026-06-11 10:45:29 -INFO - Exposing 1 endpoint beneath base path '/actuator'
2026-06-11 10:45:29 -INFO - Started FinGuardApplicationTests in 7.744 seconds (process running for 9.424)
2026-06-11 10:45:31 -INFO - Closing JPA EntityManagerFactory for persistence unit 'default'
2026-06-11 10:45:31 -INFO - HikariPool-1 - Shutdown initiated...
2026-06-11 10:45:31 -INFO - HikariPool-1 - Shutdown completed.
2026-06-11 10:48:27 -INFO - Starting FinGuardApplicationTests using Java 21 with PID 27136 (started by 2492406 in C:\Users\2492406\IdeaProjects\Finguardv1\Finguard\FinGuard-main\FinGuard-master-main\FinGuard-master)
2026-06-11 10:48:27 -INFO - No active profile set, falling back to 1 default profile: "default"
2026-06-11 10:48:29 -INFO - Bootstrapping Spring Data JPA repositories in DEFAULT mode.
2026-06-11 10:48:29 -INFO - Finished Spring Data repository scanning in 108 ms. Found 6 JPA repository interfaces.
2026-06-11 10:48:30 -INFO - HHH008540: Processing PersistenceUnitInfo [name: default]
2026-06-11 10:48:30 -INFO - HHH000001: Hibernate ORM core version 7.2.7.Final
2026-06-11 10:48:30 -INFO - No LoadTimeWeaver setup: ignoring JPA class transformer
2026-06-11 10:48:30 -INFO - HikariPool-1 - Starting...
2026-06-11 10:48:31 -INFO - HikariPool-1 - Added connection com.mysql.cj.jdbc.ConnectionImpl@72ea6fcb
2026-06-11 10:48:31 -INFO - HikariPool-1 - Start completed.
2026-06-11 10:48:31 -INFO - HHH10001005: Database info:
	Database JDBC URL [jdbc:mysql://localhost:3306/db]
	Database driver: MySQL Connector/J
	Database dialect: MySQLDialect
	Database version: 8.0.45
	Default catalog/schema: db/undefined
	Autocommit mode: undefined/unknown
	Isolation level: REPEATABLE_READ [default REPEATABLE_READ]
	JDBC fetch size: none
	Pool: DataSourceConnectionProvider
	Minimum pool size: undefined/unknown
	Maximum pool size: undefined/unknown
2026-06-11 10:48:32 -INFO - HHH000489: No JTA platform available (set 'hibernate.transaction.jta.platform' to enable JTA platform integration)
2026-06-11 10:48:32 -INFO - Initialized JPA EntityManagerFactory for persistence unit 'default'
2026-06-11 10:48:32 -INFO - Hibernate is in classpath; If applicable, HQL parser will be used.
2026-06-11 10:48:33 -WARN - 

Using generated security password: e60e212d-0c81-4985-ade9-12c9bbb28257

This generated password is for development use only. Your security configuration must be updated before running your application in production.

2026-06-11 10:48:33 -INFO - Global AuthenticationManager configured with UserDetailsService bean with name inMemoryUserDetailsManager
2026-06-11 10:48:34 -INFO - Exposing 1 endpoint beneath base path '/actuator'
2026-06-11 10:48:34 -INFO - Started FinGuardApplicationTests in 7.172 seconds (process running for 8.837)
2026-06-11 10:48:35 -INFO - Closing JPA EntityManagerFactory for persistence unit 'default'
2026-06-11 10:48:35 -INFO - HikariPool-1 - Shutdown initiated...
2026-06-11 10:48:35 -INFO - HikariPool-1 - Shutdown completed.
2026-06-11 11:12:18 -INFO - Starting CustomerSignupControllerTest using Java 21 with PID 9956 (started by 2492406 in C:\Users\2492406\IdeaProjects\Finguardv1\Finguard\FinGuard-main\FinGuard-master-main\FinGuard-master)
2026-06-11 11:12:18 -INFO - No active profile set, falling back to 1 default profile: "default"
2026-06-11 11:12:20 -INFO - Bootstrapping Spring Data JPA repositories in DEFAULT mode.
2026-06-11 11:12:20 -INFO - Finished Spring Data repository scanning in 130 ms. Found 6 JPA repository interfaces.
2026-06-11 11:12:21 -INFO - HHH008540: Processing PersistenceUnitInfo [name: default]
2026-06-11 11:12:21 -INFO - HHH000001: Hibernate ORM core version 7.2.7.Final
2026-06-11 11:12:22 -INFO - No LoadTimeWeaver setup: ignoring JPA class transformer
2026-06-11 11:12:22 -INFO - HikariPool-1 - Starting...
2026-06-11 11:12:23 -INFO - HikariPool-1 - Added connection com.mysql.cj.jdbc.ConnectionImpl@3d1c8f35
2026-06-11 11:12:23 -INFO - HikariPool-1 - Start completed.
2026-06-11 11:12:23 -INFO - HHH10001005: Database info:
	Database JDBC URL [jdbc:mysql://localhost:3306/db]
	Database driver: MySQL Connector/J
	Database dialect: MySQLDialect
	Database version: 8.0.45
	Default catalog/schema: db/undefined
	Autocommit mode: undefined/unknown
	Isolation level: REPEATABLE_READ [default REPEATABLE_READ]
	JDBC fetch size: none
	Pool: DataSourceConnectionProvider
	Minimum pool size: undefined/unknown
	Maximum pool size: undefined/unknown
2026-06-11 11:12:24 -INFO - HHH000489: No JTA platform available (set 'hibernate.transaction.jta.platform' to enable JTA platform integration)
2026-06-11 11:12:24 -INFO - Initialized JPA EntityManagerFactory for persistence unit 'default'
2026-06-11 11:12:25 -INFO - Hibernate is in classpath; If applicable, HQL parser will be used.
2026-06-11 11:12:26 -WARN - 

Using generated security password: f649eaef-a60a-4b02-949e-be7fa720c05d

This generated password is for development use only. Your security configuration must be updated before running your application in production.

2026-06-11 11:12:26 -INFO - Global AuthenticationManager configured with UserDetailsService bean with name inMemoryUserDetailsManager
2026-06-11 11:12:27 -INFO - Exposing 1 endpoint beneath base path '/actuator'
2026-06-11 11:12:27 -INFO - Started CustomerSignupControllerTest in 9.115 seconds (process running for 11.094)
2026-06-11 11:12:28 -INFO - Initializing Spring TestDispatcherServlet ''
2026-06-11 11:12:28 -INFO - Initializing Servlet ''
2026-06-11 11:12:28 -INFO - Completed initialization in 1 ms
2026-06-11 11:12:28 -INFO - Customer signup request received for name=John Test 1781156548507
2026-06-11 11:12:28 -INFO - Customer signup process started for name=John Test 1781156548507
2026-06-11 11:12:28 -INFO - Customer signup successful for name=John Test 1781156548507
2026-06-11 11:12:28 -INFO - Customer signup successful for name=John Test 1781156548507
2026-06-11 11:12:28 -INFO - Closing JPA EntityManagerFactory for persistence unit 'default'
2026-06-11 11:12:28 -INFO - HikariPool-1 - Shutdown initiated...
2026-06-11 11:12:28 -INFO - HikariPool-1 - Shutdown completed.
2026-06-11 11:12:29 -INFO - Customer signup process started for name=John
2026-06-11 11:12:29 -ERROR - Customer signup failed for name=John
java.lang.RuntimeException: DB Error
	at org.cts.adm.finguard.CustomerOnboarding.Service.CustomerSignupService.SignUp(CustomerSignupService.java:27)
	at org.cts.adm.finguard.CustomerOnboarding.Service.CustomerSignupServiceTest.lambda$signUp_failure$0(CustomerSignupServiceTest.java:50)
	at org.junit.jupiter.api.AssertThrows.assertThrows(AssertThrows.java:54)
	at org.junit.jupiter.api.AssertThrows.assertThrows(AssertThrows.java:35)
	at org.junit.jupiter.api.Assertions.assertThrows(Assertions.java:3223)
	at org.cts.adm.finguard.CustomerOnboarding.Service.CustomerSignupServiceTest.signUp_failure(CustomerSignupServiceTest.java:49)
	at java.base/jdk.internal.reflect.DirectMethodHandleAccessor.invoke(DirectMethodHandleAccessor.java:103)
	at java.base/java.lang.reflect.Method.invoke(Method.java:580)
	at org.junit.platform.commons.util.ReflectionUtils.invokeMethod(ReflectionUtils.java:701)
	at org.junit.platform.commons.support.ReflectionSupport.invokeMethod(ReflectionSupport.java:502)
	at org.junit.jupiter.engine.support.MethodReflectionUtils.invoke(MethodReflectionUtils.java:45)
	at org.junit.jupiter.engine.execution.MethodInvocation.proceed(MethodInvocation.java:61)
	at org.junit.jupiter.engine.execution.InvocationInterceptorChain$ValidatingInvocation.proceed(InvocationInterceptorChain.java:124)
	at org.junit.jupiter.engine.extension.TimeoutExtension.intercept(TimeoutExtension.java:163)
	at org.junit.jupiter.engine.extension.TimeoutExtension.interceptTestableMethod(TimeoutExtension.java:148)
	at org.junit.jupiter.engine.extension.TimeoutExtension.interceptTestMethod(TimeoutExtension.java:86)
	at org.junit.jupiter.engine.execution.InterceptingExecutableInvoker$ReflectiveInterceptorCall.lambda$ofVoidMethod$0(InterceptingExecutableInvoker.java:123)
	at org.junit.jupiter.engine.execution.InterceptingExecutableInvoker.lambda$invoke$0(InterceptingExecutableInvoker.java:105)
	at org.junit.jupiter.engine.execution.InvocationInterceptorChain$InterceptedInvocation.proceed(InvocationInterceptorChain.java:99)
	at org.junit.jupiter.engine.execution.InvocationInterceptorChain.proceed(InvocationInterceptorChain.java:66)
	at org.junit.jupiter.engine.execution.InvocationInterceptorChain.chainAndInvoke(InvocationInterceptorChain.java:47)
	at org.junit.jupiter.engine.execution.InvocationInterceptorChain.invoke(InvocationInterceptorChain.java:39)
	at org.junit.jupiter.engine.execution.InterceptingExecutableInvoker.invoke(InterceptingExecutableInvoker.java:104)
	at org.junit.jupiter.engine.execution.InterceptingExecutableInvoker.invoke(InterceptingExecutableInvoker.java:98)
	at org.junit.jupiter.engine.execution.InterceptingExecutableInvoker.invokeVoid(InterceptingExecutableInvoker.java:71)
	at org.junit.jupiter.engine.descriptor.TestMethodTestDescriptor.lambda$invokeTestMethod$0(TestMethodTestDescriptor.java:219)
	at org.junit.platform.engine.support.hierarchical.ThrowableCollector.execute(ThrowableCollector.java:74)
	at org.junit.jupiter.engine.descriptor.TestMethodTestDescriptor.invokeTestMethod(TestMethodTestDescriptor.java:215)
	at org.junit.jupiter.engine.descriptor.TestMethodTestDescriptor.execute(TestMethodTestDescriptor.java:157)
	at org.junit.jupiter.engine.descriptor.TestMethodTestDescriptor.execute(TestMethodTestDescriptor.java:70)
	at org.junit.platform.engine.support.hierarchical.NodeTestTask.lambda$executeRecursively$2(NodeTestTask.java:176)
	at org.junit.platform.engine.support.hierarchical.ThrowableCollector.execute(ThrowableCollector.java:74)
	at org.junit.platform.engine.support.hierarchical.NodeTestTask.lambda$executeRecursively$1(NodeTestTask.java:166)
	at org.junit.platform.engine.support.hierarchical.Node.around(Node.java:138)
	at org.junit.platform.engine.support.hierarchical.NodeTestTask.lambda$executeRecursively$0(NodeTestTask.java:164)
	at org.junit.platform.engine.support.hierarchical.ThrowableCollector.execute(ThrowableCollector.java:74)
	at org.junit.platform.engine.support.hierarchical.NodeTestTask.executeRecursively(NodeTestTask.java:163)
	at org.junit.platform.engine.support.hierarchical.NodeTestTask.execute(NodeTestTask.java:116)
	at java.base/java.util.ArrayList.forEach(ArrayList.java:1596)
	at org.junit.platform.engine.support.hierarchical.SameThreadHierarchicalTestExecutorService.invokeAll(SameThreadHierarchicalTestExecutorService.java:42)
	at org.junit.platform.engine.support.hierarchical.NodeTestTask.lambda$executeRecursively$2(NodeTestTask.java:180)
	at org.junit.platform.engine.support.hierarchical.ThrowableCollector.execute(ThrowableCollector.java:74)
	at org.junit.platform.engine.support.hierarchical.NodeTestTask.lambda$executeRecursively$1(NodeTestTask.java:166)
	at org.junit.platform.engine.support.hierarchical.Node.around(Node.java:138)
	at org.junit.platform.engine.support.hierarchical.NodeTestTask.lambda$executeRecursively$0(NodeTestTask.java:164)
	at org.junit.platform.engine.support.hierarchical.ThrowableCollector.execute(ThrowableCollector.java:74)
	at org.junit.platform.engine.support.hierarchical.NodeTestTask.executeRecursively(NodeTestTask.java:163)
	at org.junit.platform.engine.support.hierarchical.NodeTestTask.execute(NodeTestTask.java:116)
	at java.base/java.util.ArrayList.forEach(ArrayList.java:1596)
	at org.junit.platform.engine.support.hierarchical.SameThreadHierarchicalTestExecutorService.invokeAll(SameThreadHierarchicalTestExecutorService.java:42)
	at org.junit.platform.engine.support.hierarchical.NodeTestTask.lambda$executeRecursively$2(NodeTestTask.java:180)
	at org.junit.platform.engine.support.hierarchical.ThrowableCollector.execute(ThrowableCollector.java:74)
	at org.junit.platform.engine.support.hierarchical.NodeTestTask.lambda$executeRecursively$1(NodeTestTask.java:166)
	at org.junit.platform.engine.support.hierarchical.Node.around(Node.java:138)
	at org.junit.platform.engine.support.hierarchical.NodeTestTask.lambda$executeRecursively$0(NodeTestTask.java:164)
	at org.junit.platform.engine.support.hierarchical.ThrowableCollector.execute(ThrowableCollector.java:74)
	at org.junit.platform.engine.support.hierarchical.NodeTestTask.executeRecursively(NodeTestTask.java:163)
	at org.junit.platform.engine.support.hierarchical.NodeTestTask.execute(NodeTestTask.java:116)
	at org.junit.platform.engine.support.hierarchical.SameThreadHierarchicalTestExecutorService.submit(SameThreadHierarchicalTestExecutorService.java:36)
	at org.junit.platform.engine.support.hierarchical.HierarchicalTestExecutor.execute(HierarchicalTestExecutor.java:52)
	at org.junit.platform.engine.support.hierarchical.HierarchicalTestEngine.execute(HierarchicalTestEngine.java:58)
	at org.junit.platform.launcher.core.EngineExecutionOrchestrator.executeEngine(EngineExecutionOrchestrator.java:246)
	at org.junit.platform.launcher.core.EngineExecutionOrchestrator.failOrExecuteEngine(EngineExecutionOrchestrator.java:218)
	at org.junit.platform.launcher.core.EngineExecutionOrchestrator.execute(EngineExecutionOrchestrator.java:179)
	at org.junit.platform.launcher.core.EngineExecutionOrchestrator.execute(EngineExecutionOrchestrator.java:108)
	at org.junit.platform.launcher.core.EngineExecutionOrchestrator.lambda$execute$0(EngineExecutionOrchestrator.java:66)
	at org.junit.platform.launcher.core.EngineExecutionOrchestrator.withInterceptedStreams(EngineExecutionOrchestrator.java:157)
	at org.junit.platform.launcher.core.EngineExecutionOrchestrator.execute(EngineExecutionOrchestrator.java:65)
	at org.junit.platform.launcher.core.DefaultLauncher.execute(DefaultLauncher.java:125)
	at org.junit.platform.launcher.core.DefaultLauncher.execute(DefaultLauncher.java:114)
	at org.junit.platform.launcher.core.DelegatingLauncher.execute(DelegatingLauncher.java:58)
	at org.junit.platform.launcher.core.InterceptingLauncher.lambda$execute$2(InterceptingLauncher.java:57)
	at org.junit.platform.launcher.core.ClasspathAlignmentCheckingLauncherInterceptor.intercept(ClasspathAlignmentCheckingLauncherInterceptor.java:25)
	at org.junit.platform.launcher.core.InterceptingLauncher.execute(InterceptingLauncher.java:56)
	at org.junit.platform.launcher.core.DelegatingLauncher.execute(DelegatingLauncher.java:58)
	at java.base/jdk.internal.reflect.DirectMethodHandleAccessor.invoke(DirectMethodHandleAccessor.java:103)
	at java.base/java.lang.reflect.Method.invoke(Method.java:580)
	at org.apache.maven.surefire.api.util.ReflectionUtils.invokeMethodWithArray(ReflectionUtils.java:125)
	at org.apache.maven.surefire.junitplatform.LauncherAdapter.executeWithCancellationToken(LauncherAdapter.java:68)
	at org.apache.maven.surefire.junitplatform.LauncherAdapter.execute(LauncherAdapter.java:54)
	at org.apache.maven.surefire.junitplatform.JUnitPlatformProvider.execute(JUnitPlatformProvider.java:203)
	at org.apache.maven.surefire.junitplatform.JUnitPlatformProvider.invokeAllTests(JUnitPlatformProvider.java:168)
	at org.apache.maven.surefire.junitplatform.JUnitPlatformProvider.invoke(JUnitPlatformProvider.java:136)
	at org.apache.maven.surefire.booter.ForkedBooter.runSuitesInProcess(ForkedBooter.java:385)
	at org.apache.maven.surefire.booter.ForkedBooter.execute(ForkedBooter.java:162)
	at org.apache.maven.surefire.booter.ForkedBooter.run(ForkedBooter.java:507)
	at org.apache.maven.surefire.booter.ForkedBooter.main(ForkedBooter.java:495)
2026-06-11 11:12:29 -INFO - Customer signup process started for name=John
2026-06-11 11:12:29 -INFO - Customer signup successful for name=John
2026-06-11 11:12:29 -INFO - Could not detect default configuration classes for test class [org.cts.adm.finguard.FinGuardApplicationTests]: FinGuardApplicationTests does not declare any static, non-private, non-final, nested classes annotated with @Configuration.
2026-06-11 11:12:29 -INFO - Found @SpringBootConfiguration org.cts.adm.finguard.FinGuardApplication for test class org.cts.adm.finguard.FinGuardApplicationTests
2026-06-11 11:12:29 -INFO - Could not detect default configuration classes for test class [org.cts.adm.finguard.FinGuardApplicationTests]: FinGuardApplicationTests does not declare any static, non-private, non-final, nested classes annotated with @Configuration.
2026-06-11 11:12:29 -INFO - Found @SpringBootConfiguration org.cts.adm.finguard.FinGuardApplication for test class org.cts.adm.finguard.FinGuardApplicationTests
2026-06-11 11:12:29 -INFO - Restart disabled due to context in which it is running
2026-06-11 11:12:29 -INFO - Starting FinGuardApplicationTests using Java 21 with PID 9956 (started by 2492406 in C:\Users\2492406\IdeaProjects\Finguardv1\Finguard\FinGuard-main\FinGuard-master-main\FinGuard-master)
2026-06-11 11:12:29 -INFO - No active profile set, falling back to 1 default profile: "default"
2026-06-11 11:12:30 -INFO - Bootstrapping Spring Data JPA repositories in DEFAULT mode.
2026-06-11 11:12:30 -INFO - Finished Spring Data repository scanning in 51 ms. Found 6 JPA repository interfaces.
2026-06-11 11:12:30 -INFO - HHH008540: Processing PersistenceUnitInfo [name: default]
2026-06-11 11:12:30 -INFO - No LoadTimeWeaver setup: ignoring JPA class transformer
2026-06-11 11:12:30 -INFO - HikariPool-2 - Starting...
2026-06-11 11:12:30 -INFO - HikariPool-2 - Added connection com.mysql.cj.jdbc.ConnectionImpl@307b954
2026-06-11 11:12:30 -INFO - HikariPool-2 - Start completed.
2026-06-11 11:12:30 -INFO - HHH10001005: Database info:
	Database JDBC URL [jdbc:mysql://localhost:3306/db]
	Database driver: MySQL Connector/J
	Database dialect: MySQLDialect
	Database version: 8.0.45
	Default catalog/schema: db/undefined
	Autocommit mode: undefined/unknown
	Isolation level: REPEATABLE_READ [default REPEATABLE_READ]
	JDBC fetch size: none
	Pool: DataSourceConnectionProvider
	Minimum pool size: undefined/unknown
	Maximum pool size: undefined/unknown
2026-06-11 11:12:30 -INFO - HHH000489: No JTA platform available (set 'hibernate.transaction.jta.platform' to enable JTA platform integration)
2026-06-11 11:12:30 -INFO - Initialized JPA EntityManagerFactory for persistence unit 'default'
2026-06-11 11:12:30 -WARN - 

Using generated security password: 109438f9-c711-457f-9b34-3b0260bcd4a3

This generated password is for development use only. Your security configuration must be updated before running your application in production.

2026-06-11 11:12:30 -INFO - Global AuthenticationManager configured with UserDetailsService bean with name inMemoryUserDetailsManager
2026-06-11 11:12:31 -INFO - Exposing 1 endpoint beneath base path '/actuator'
2026-06-11 11:12:31 -INFO - Started FinGuardApplicationTests in 1.846 seconds (process running for 15.079)
2026-06-11 11:12:31 -INFO - Closing JPA EntityManagerFactory for persistence unit 'default'
2026-06-11 11:12:31 -INFO - HikariPool-2 - Shutdown initiated...
2026-06-11 11:12:31 -INFO - HikariPool-2 - Shutdown completed.
2026-06-11 11:14:39 -INFO - Starting CustomerSignupControllerTest using Java 21 with PID 32632 (started by 2492406 in C:\Users\2492406\IdeaProjects\Finguardv1\Finguard\FinGuard-main\FinGuard-master-main\FinGuard-master)
2026-06-11 11:14:39 -INFO - No active profile set, falling back to 1 default profile: "default"
2026-06-11 11:14:41 -INFO - Bootstrapping Spring Data JPA repositories in DEFAULT mode.
2026-06-11 11:14:41 -INFO - Finished Spring Data repository scanning in 116 ms. Found 6 JPA repository interfaces.
2026-06-11 11:14:42 -INFO - HHH008540: Processing PersistenceUnitInfo [name: default]
2026-06-11 11:14:42 -INFO - HHH000001: Hibernate ORM core version 7.2.7.Final
2026-06-11 11:14:42 -INFO - No LoadTimeWeaver setup: ignoring JPA class transformer
2026-06-11 11:14:43 -INFO - HikariPool-1 - Starting...
2026-06-11 11:14:43 -INFO - HikariPool-1 - Added connection com.mysql.cj.jdbc.ConnectionImpl@247a8411
2026-06-11 11:14:43 -INFO - HikariPool-1 - Start completed.
2026-06-11 11:14:43 -INFO - HHH10001005: Database info:
	Database JDBC URL [jdbc:mysql://localhost:3306/db]
	Database driver: MySQL Connector/J
	Database dialect: MySQLDialect
	Database version: 8.0.45
	Default catalog/schema: db/undefined
	Autocommit mode: undefined/unknown
	Isolation level: REPEATABLE_READ [default REPEATABLE_READ]
	JDBC fetch size: none
	Pool: DataSourceConnectionProvider
	Minimum pool size: undefined/unknown
	Maximum pool size: undefined/unknown
2026-06-11 11:14:44 -INFO - HHH000489: No JTA platform available (set 'hibernate.transaction.jta.platform' to enable JTA platform integration)
2026-06-11 11:14:44 -INFO - Initialized JPA EntityManagerFactory for persistence unit 'default'
2026-06-11 11:14:44 -INFO - Hibernate is in classpath; If applicable, HQL parser will be used.
2026-06-11 11:14:45 -WARN - 

Using generated security password: 5863aff2-a5b9-476d-a639-4a4ee5dc20e0

This generated password is for development use only. Your security configuration must be updated before running your application in production.

2026-06-11 11:14:45 -INFO - Global AuthenticationManager configured with UserDetailsService bean with name inMemoryUserDetailsManager
2026-06-11 11:14:46 -INFO - Exposing 1 endpoint beneath base path '/actuator'
2026-06-11 11:14:46 -INFO - Started CustomerSignupControllerTest in 7.328 seconds (process running for 8.911)
2026-06-11 11:14:47 -INFO - Initializing Spring TestDispatcherServlet ''
2026-06-11 11:14:47 -INFO - Initializing Servlet ''
2026-06-11 11:14:47 -INFO - Completed initialization in 1 ms
2026-06-11 11:14:47 -INFO - Customer signup request received for name=John Test 1781156687707
2026-06-11 11:14:47 -INFO - Customer signup process started for name=John Test 1781156687707
2026-06-11 11:14:47 -INFO - Customer signup successful for name=John Test 1781156687707
2026-06-11 11:14:47 -INFO - Customer signup successful for name=John Test 1781156687707
2026-06-11 11:14:48 -INFO - Closing JPA EntityManagerFactory for persistence unit 'default'
2026-06-11 11:14:48 -INFO - HikariPool-1 - Shutdown initiated...
2026-06-11 11:14:48 -INFO - HikariPool-1 - Shutdown completed.
2026-06-11 11:18:35 -INFO - Starting CustomerSignupControllerTest using Java 21 with PID 30556 (started by 2492406 in C:\Users\2492406\IdeaProjects\Finguardv1\Finguard\FinGuard-main\FinGuard-master-main\FinGuard-master)
2026-06-11 11:18:35 -INFO - No active profile set, falling back to 1 default profile: "default"
2026-06-11 11:18:37 -INFO - Bootstrapping Spring Data JPA repositories in DEFAULT mode.
2026-06-11 11:18:37 -INFO - Finished Spring Data repository scanning in 139 ms. Found 6 JPA repository interfaces.
2026-06-11 11:18:38 -INFO - HHH008540: Processing PersistenceUnitInfo [name: default]
2026-06-11 11:18:38 -INFO - HHH000001: Hibernate ORM core version 7.2.7.Final
2026-06-11 11:18:39 -INFO - No LoadTimeWeaver setup: ignoring JPA class transformer
2026-06-11 11:18:39 -INFO - HikariPool-1 - Starting...
2026-06-11 11:18:39 -INFO - HikariPool-1 - Added connection com.mysql.cj.jdbc.ConnectionImpl@3d1c8f35
2026-06-11 11:18:39 -INFO - HikariPool-1 - Start completed.
2026-06-11 11:18:40 -INFO - HHH10001005: Database info:
	Database JDBC URL [jdbc:mysql://localhost:3306/db]
	Database driver: MySQL Connector/J
	Database dialect: MySQLDialect
	Database version: 8.0.45
	Default catalog/schema: db/undefined
	Autocommit mode: undefined/unknown
	Isolation level: REPEATABLE_READ [default REPEATABLE_READ]
	JDBC fetch size: none
	Pool: DataSourceConnectionProvider
	Minimum pool size: undefined/unknown
	Maximum pool size: undefined/unknown
2026-06-11 11:18:41 -INFO - HHH000489: No JTA platform available (set 'hibernate.transaction.jta.platform' to enable JTA platform integration)
2026-06-11 11:18:41 -INFO - Initialized JPA EntityManagerFactory for persistence unit 'default'
2026-06-11 11:18:41 -INFO - Hibernate is in classpath; If applicable, HQL parser will be used.
2026-06-11 11:18:42 -WARN - 

Using generated security password: e27f1e3c-cdab-48aa-9bc6-77aba14c49f7

This generated password is for development use only. Your security configuration must be updated before running your application in production.

2026-06-11 11:18:42 -INFO - Global AuthenticationManager configured with UserDetailsService bean with name inMemoryUserDetailsManager
2026-06-11 11:18:44 -INFO - Exposing 1 endpoint beneath base path '/actuator'
2026-06-11 11:18:44 -INFO - Started CustomerSignupControllerTest in 8.869 seconds (process running for 10.644)
2026-06-11 11:18:45 -INFO - Initializing Spring TestDispatcherServlet ''
2026-06-11 11:18:45 -INFO - Initializing Servlet ''
2026-06-11 11:18:45 -INFO - Completed initialization in 2 ms
2026-06-11 11:18:45 -INFO - Customer signup request received for name=John Test 1781156925240
2026-06-11 11:18:45 -INFO - Customer signup process started for name=John Test 1781156925240
2026-06-11 11:18:45 -INFO - Customer signup successful for name=John Test 1781156925240
2026-06-11 11:18:45 -INFO - Customer signup successful for name=John Test 1781156925240
2026-06-11 11:18:45 -INFO - Closing JPA EntityManagerFactory for persistence unit 'default'
2026-06-11 11:18:45 -INFO - HikariPool-1 - Shutdown initiated...
2026-06-11 11:18:45 -INFO - HikariPool-1 - Shutdown completed.
2026-06-11 11:18:46 -INFO - Customer signup process started for name=John
2026-06-11 11:18:46 -ERROR - Customer signup failed for name=John
java.lang.RuntimeException: DB Error
	at org.cts.adm.finguard.CustomerOnboarding.Service.CustomerSignupService.SignUp(CustomerSignupService.java:27)
	at org.cts.adm.finguard.CustomerOnboarding.Service.CustomerSignupServiceTest.lambda$signUp_failure$0(CustomerSignupServiceTest.java:50)
	at org.junit.jupiter.api.AssertThrows.assertThrows(AssertThrows.java:54)
	at org.junit.jupiter.api.AssertThrows.assertThrows(AssertThrows.java:35)
	at org.junit.jupiter.api.Assertions.assertThrows(Assertions.java:3223)
	at org.cts.adm.finguard.CustomerOnboarding.Service.CustomerSignupServiceTest.signUp_failure(CustomerSignupServiceTest.java:49)
	at java.base/jdk.internal.reflect.DirectMethodHandleAccessor.invoke(DirectMethodHandleAccessor.java:103)
	at java.base/java.lang.reflect.Method.invoke(Method.java:580)
	at org.junit.platform.commons.util.ReflectionUtils.invokeMethod(ReflectionUtils.java:701)
	at org.junit.platform.commons.support.ReflectionSupport.invokeMethod(ReflectionSupport.java:502)
	at org.junit.jupiter.engine.support.MethodReflectionUtils.invoke(MethodReflectionUtils.java:45)
	at org.junit.jupiter.engine.execution.MethodInvocation.proceed(MethodInvocation.java:61)
	at org.junit.jupiter.engine.execution.InvocationInterceptorChain$ValidatingInvocation.proceed(InvocationInterceptorChain.java:124)
	at org.junit.jupiter.engine.extension.TimeoutExtension.intercept(TimeoutExtension.java:163)
	at org.junit.jupiter.engine.extension.TimeoutExtension.interceptTestableMethod(TimeoutExtension.java:148)
	at org.junit.jupiter.engine.extension.TimeoutExtension.interceptTestMethod(TimeoutExtension.java:86)
	at org.junit.jupiter.engine.execution.InterceptingExecutableInvoker$ReflectiveInterceptorCall.lambda$ofVoidMethod$0(InterceptingExecutableInvoker.java:123)
	at org.junit.jupiter.engine.execution.InterceptingExecutableInvoker.lambda$invoke$0(InterceptingExecutableInvoker.java:105)
	at org.junit.jupiter.engine.execution.InvocationInterceptorChain$InterceptedInvocation.proceed(InvocationInterceptorChain.java:99)
	at org.junit.jupiter.engine.execution.InvocationInterceptorChain.proceed(InvocationInterceptorChain.java:66)
	at org.junit.jupiter.engine.execution.InvocationInterceptorChain.chainAndInvoke(InvocationInterceptorChain.java:47)
	at org.junit.jupiter.engine.execution.InvocationInterceptorChain.invoke(InvocationInterceptorChain.java:39)
	at org.junit.jupiter.engine.execution.InterceptingExecutableInvoker.invoke(InterceptingExecutableInvoker.java:104)
	at org.junit.jupiter.engine.execution.InterceptingExecutableInvoker.invoke(InterceptingExecutableInvoker.java:98)
	at org.junit.jupiter.engine.execution.InterceptingExecutableInvoker.invokeVoid(InterceptingExecutableInvoker.java:71)
	at org.junit.jupiter.engine.descriptor.TestMethodTestDescriptor.lambda$invokeTestMethod$0(TestMethodTestDescriptor.java:219)
	at org.junit.platform.engine.support.hierarchical.ThrowableCollector.execute(ThrowableCollector.java:74)
	at org.junit.jupiter.engine.descriptor.TestMethodTestDescriptor.invokeTestMethod(TestMethodTestDescriptor.java:215)
	at org.junit.jupiter.engine.descriptor.TestMethodTestDescriptor.execute(TestMethodTestDescriptor.java:157)
	at org.junit.jupiter.engine.descriptor.TestMethodTestDescriptor.execute(TestMethodTestDescriptor.java:70)
	at org.junit.platform.engine.support.hierarchical.NodeTestTask.lambda$executeRecursively$2(NodeTestTask.java:176)
	at org.junit.platform.engine.support.hierarchical.ThrowableCollector.execute(ThrowableCollector.java:74)
	at org.junit.platform.engine.support.hierarchical.NodeTestTask.lambda$executeRecursively$1(NodeTestTask.java:166)
	at org.junit.platform.engine.support.hierarchical.Node.around(Node.java:138)
	at org.junit.platform.engine.support.hierarchical.NodeTestTask.lambda$executeRecursively$0(NodeTestTask.java:164)
	at org.junit.platform.engine.support.hierarchical.ThrowableCollector.execute(ThrowableCollector.java:74)
	at org.junit.platform.engine.support.hierarchical.NodeTestTask.executeRecursively(NodeTestTask.java:163)
	at org.junit.platform.engine.support.hierarchical.NodeTestTask.execute(NodeTestTask.java:116)
	at java.base/java.util.ArrayList.forEach(ArrayList.java:1596)
	at org.junit.platform.engine.support.hierarchical.SameThreadHierarchicalTestExecutorService.invokeAll(SameThreadHierarchicalTestExecutorService.java:42)
	at org.junit.platform.engine.support.hierarchical.NodeTestTask.lambda$executeRecursively$2(NodeTestTask.java:180)
	at org.junit.platform.engine.support.hierarchical.ThrowableCollector.execute(ThrowableCollector.java:74)
	at org.junit.platform.engine.support.hierarchical.NodeTestTask.lambda$executeRecursively$1(NodeTestTask.java:166)
	at org.junit.platform.engine.support.hierarchical.Node.around(Node.java:138)
	at org.junit.platform.engine.support.hierarchical.NodeTestTask.lambda$executeRecursively$0(NodeTestTask.java:164)
	at org.junit.platform.engine.support.hierarchical.ThrowableCollector.execute(ThrowableCollector.java:74)
	at org.junit.platform.engine.support.hierarchical.NodeTestTask.executeRecursively(NodeTestTask.java:163)
	at org.junit.platform.engine.support.hierarchical.NodeTestTask.execute(NodeTestTask.java:116)
	at java.base/java.util.ArrayList.forEach(ArrayList.java:1596)
	at org.junit.platform.engine.support.hierarchical.SameThreadHierarchicalTestExecutorService.invokeAll(SameThreadHierarchicalTestExecutorService.java:42)
	at org.junit.platform.engine.support.hierarchical.NodeTestTask.lambda$executeRecursively$2(NodeTestTask.java:180)
	at org.junit.platform.engine.support.hierarchical.ThrowableCollector.execute(ThrowableCollector.java:74)
	at org.junit.platform.engine.support.hierarchical.NodeTestTask.lambda$executeRecursively$1(NodeTestTask.java:166)
	at org.junit.platform.engine.support.hierarchical.Node.around(Node.java:138)
	at org.junit.platform.engine.support.hierarchical.NodeTestTask.lambda$executeRecursively$0(NodeTestTask.java:164)
	at org.junit.platform.engine.support.hierarchical.ThrowableCollector.execute(ThrowableCollector.java:74)
	at org.junit.platform.engine.support.hierarchical.NodeTestTask.executeRecursively(NodeTestTask.java:163)
	at org.junit.platform.engine.support.hierarchical.NodeTestTask.execute(NodeTestTask.java:116)
	at org.junit.platform.engine.support.hierarchical.SameThreadHierarchicalTestExecutorService.submit(SameThreadHierarchicalTestExecutorService.java:36)
	at org.junit.platform.engine.support.hierarchical.HierarchicalTestExecutor.execute(HierarchicalTestExecutor.java:52)
	at org.junit.platform.engine.support.hierarchical.HierarchicalTestEngine.execute(HierarchicalTestEngine.java:58)
	at org.junit.platform.launcher.core.EngineExecutionOrchestrator.executeEngine(EngineExecutionOrchestrator.java:246)
	at org.junit.platform.launcher.core.EngineExecutionOrchestrator.failOrExecuteEngine(EngineExecutionOrchestrator.java:218)
	at org.junit.platform.launcher.core.EngineExecutionOrchestrator.execute(EngineExecutionOrchestrator.java:179)
	at org.junit.platform.launcher.core.EngineExecutionOrchestrator.execute(EngineExecutionOrchestrator.java:108)
	at org.junit.platform.launcher.core.EngineExecutionOrchestrator.lambda$execute$0(EngineExecutionOrchestrator.java:66)
	at org.junit.platform.launcher.core.EngineExecutionOrchestrator.withInterceptedStreams(EngineExecutionOrchestrator.java:157)
	at org.junit.platform.launcher.core.EngineExecutionOrchestrator.execute(EngineExecutionOrchestrator.java:65)
	at org.junit.platform.launcher.core.DefaultLauncher.execute(DefaultLauncher.java:125)
	at org.junit.platform.launcher.core.DefaultLauncher.execute(DefaultLauncher.java:114)
	at org.junit.platform.launcher.core.DelegatingLauncher.execute(DelegatingLauncher.java:58)
	at org.junit.platform.launcher.core.InterceptingLauncher.lambda$execute$2(InterceptingLauncher.java:57)
	at org.junit.platform.launcher.core.ClasspathAlignmentCheckingLauncherInterceptor.intercept(ClasspathAlignmentCheckingLauncherInterceptor.java:25)
	at org.junit.platform.launcher.core.InterceptingLauncher.execute(InterceptingLauncher.java:56)
	at org.junit.platform.launcher.core.DelegatingLauncher.execute(DelegatingLauncher.java:58)
	at java.base/jdk.internal.reflect.DirectMethodHandleAccessor.invoke(DirectMethodHandleAccessor.java:103)
	at java.base/java.lang.reflect.Method.invoke(Method.java:580)
	at org.apache.maven.surefire.api.util.ReflectionUtils.invokeMethodWithArray(ReflectionUtils.java:125)
	at org.apache.maven.surefire.junitplatform.LauncherAdapter.executeWithCancellationToken(LauncherAdapter.java:68)
	at org.apache.maven.surefire.junitplatform.LauncherAdapter.execute(LauncherAdapter.java:54)
	at org.apache.maven.surefire.junitplatform.JUnitPlatformProvider.execute(JUnitPlatformProvider.java:203)
	at org.apache.maven.surefire.junitplatform.JUnitPlatformProvider.invokeAllTests(JUnitPlatformProvider.java:168)
	at org.apache.maven.surefire.junitplatform.JUnitPlatformProvider.invoke(JUnitPlatformProvider.java:136)
	at org.apache.maven.surefire.booter.ForkedBooter.runSuitesInProcess(ForkedBooter.java:385)
	at org.apache.maven.surefire.booter.ForkedBooter.execute(ForkedBooter.java:162)
	at org.apache.maven.surefire.booter.ForkedBooter.run(ForkedBooter.java:507)
	at org.apache.maven.surefire.booter.ForkedBooter.main(ForkedBooter.java:495)
2026-06-11 11:18:46 -INFO - Customer signup process started for name=John
2026-06-11 11:18:46 -INFO - Customer signup successful for name=John
2026-06-11 11:18:46 -INFO - Could not detect default configuration classes for test class [org.cts.adm.finguard.FinGuardApplicationTests]: FinGuardApplicationTests does not declare any static, non-private, non-final, nested classes annotated with @Configuration.
2026-06-11 11:18:46 -INFO - Found @SpringBootConfiguration org.cts.adm.finguard.FinGuardApplication for test class org.cts.adm.finguard.FinGuardApplicationTests
2026-06-11 11:18:46 -INFO - Could not detect default configuration classes for test class [org.cts.adm.finguard.FinGuardApplicationTests]: FinGuardApplicationTests does not declare any static, non-private, non-final, nested classes annotated with @Configuration.
2026-06-11 11:18:46 -INFO - Found @SpringBootConfiguration org.cts.adm.finguard.FinGuardApplication for test class org.cts.adm.finguard.FinGuardApplicationTests
2026-06-11 11:18:46 -INFO - Restart disabled due to context in which it is running
2026-06-11 11:18:46 -INFO - Starting FinGuardApplicationTests using Java 21 with PID 30556 (started by 2492406 in C:\Users\2492406\IdeaProjects\Finguardv1\Finguard\FinGuard-main\FinGuard-master-main\FinGuard-master)
2026-06-11 11:18:46 -INFO - No active profile set, falling back to 1 default profile: "default"
2026-06-11 11:18:46 -INFO - Bootstrapping Spring Data JPA repositories in DEFAULT mode.
2026-06-11 11:18:46 -INFO - Finished Spring Data repository scanning in 57 ms. Found 6 JPA repository interfaces.
2026-06-11 11:18:47 -INFO - HHH008540: Processing PersistenceUnitInfo [name: default]
2026-06-11 11:18:47 -INFO - No LoadTimeWeaver setup: ignoring JPA class transformer
2026-06-11 11:18:47 -INFO - HikariPool-2 - Starting...
2026-06-11 11:18:47 -INFO - HikariPool-2 - Added connection com.mysql.cj.jdbc.ConnectionImpl@edda257
2026-06-11 11:18:47 -INFO - HikariPool-2 - Start completed.
2026-06-11 11:18:47 -INFO - HHH10001005: Database info:
	Database JDBC URL [jdbc:mysql://localhost:3306/db]
	Database driver: MySQL Connector/J
	Database dialect: MySQLDialect
	Database version: 8.0.45
	Default catalog/schema: db/undefined
	Autocommit mode: undefined/unknown
	Isolation level: REPEATABLE_READ [default REPEATABLE_READ]
	JDBC fetch size: none
	Pool: DataSourceConnectionProvider
	Minimum pool size: undefined/unknown
	Maximum pool size: undefined/unknown
2026-06-11 11:18:47 -INFO - HHH000489: No JTA platform available (set 'hibernate.transaction.jta.platform' to enable JTA platform integration)
2026-06-11 11:18:47 -INFO - Initialized JPA EntityManagerFactory for persistence unit 'default'
2026-06-11 11:18:47 -WARN - 

Using generated security password: fdec2630-8109-40aa-995b-70c6b1bd609d

This generated password is for development use only. Your security configuration must be updated before running your application in production.

2026-06-11 11:18:47 -INFO - Global AuthenticationManager configured with UserDetailsService bean with name inMemoryUserDetailsManager
2026-06-11 11:18:48 -INFO - Exposing 1 endpoint beneath base path '/actuator'
2026-06-11 11:18:48 -INFO - Started FinGuardApplicationTests in 1.928 seconds (process running for 14.614)
2026-06-11 11:18:48 -INFO - Received createTransaction request for customerId=2
2026-06-11 11:18:48 -INFO - createTransaction completed: transactionId=2-atm-test status=SUCCESS
2026-06-11 11:18:48 -INFO - Received detectFraud request for customerId=1
2026-06-11 11:18:48 -INFO - detectFraud completed: customerId=1 status=SUCCESS riskScore=0
2026-06-11 11:18:48 -INFO - Received createTransaction request for customerId=1
2026-06-11 11:18:48 -ERROR - Error in createTransaction for customerId=1
java.lang.RuntimeException: Customer not found
	at org.cts.adm.finguard.TransactionMonitoring.Service.TransactionMonitoringService.createTransaction(TransactionMonitoringService.java:48) ~[classes/:na]
	at org.cts.adm.finguard.TransactionMonitoring.Controller.TransactionMonitoringController.createTransaction(TransactionMonitoringController.java:26) ~[classes/:na]
	at org.cts.adm.finguard.TransactionMonitoring.Controller.TransactionMonitoringControllerTest.lambda$createTransaction_runtimeException_throwsException$0(TransactionMonitoringControllerTest.java:157) ~[test-classes/:na]
	at org.junit.jupiter.api.AssertThrows.assertThrows(AssertThrows.java:54) ~[junit-jupiter-api-6.0.3.jar:6.0.3]
	at org.junit.jupiter.api.AssertThrows.assertThrows(AssertThrows.java:35) ~[junit-jupiter-api-6.0.3.jar:6.0.3]
	at org.junit.jupiter.api.Assertions.assertThrows(Assertions.java:3223) ~[junit-jupiter-api-6.0.3.jar:6.0.3]
	at org.cts.adm.finguard.TransactionMonitoring.Controller.TransactionMonitoringControllerTest.createTransaction_runtimeException_throwsException(TransactionMonitoringControllerTest.java:156) ~[test-classes/:na]
	at java.base/jdk.internal.reflect.DirectMethodHandleAccessor.invoke(DirectMethodHandleAccessor.java:103) ~[na:na]
	at java.base/java.lang.reflect.Method.invoke(Method.java:580) ~[na:na]
	at org.junit.platform.commons.util.ReflectionUtils.invokeMethod(ReflectionUtils.java:701) ~[junit-platform-commons-6.0.3.jar:6.0.3]
	at org.junit.platform.commons.support.ReflectionSupport.invokeMethod(ReflectionSupport.java:502) ~[junit-platform-commons-6.0.3.jar:6.0.3]
	at org.junit.jupiter.engine.support.MethodReflectionUtils.invoke(MethodReflectionUtils.java:45) ~[junit-jupiter-engine-6.0.3.jar:6.0.3]
	at org.junit.jupiter.engine.execution.MethodInvocation.proceed(MethodInvocation.java:61) ~[junit-jupiter-engine-6.0.3.jar:6.0.3]
	at org.junit.jupiter.engine.execution.InvocationInterceptorChain$ValidatingInvocation.proceed(InvocationInterceptorChain.java:124) ~[junit-jupiter-engine-6.0.3.jar:6.0.3]
	at org.junit.jupiter.engine.extension.TimeoutExtension.intercept(TimeoutExtension.java:163) ~[junit-jupiter-engine-6.0.3.jar:6.0.3]
	at org.junit.jupiter.engine.extension.TimeoutExtension.interceptTestableMethod(TimeoutExtension.java:148) ~[junit-jupiter-engine-6.0.3.jar:6.0.3]
	at org.junit.jupiter.engine.extension.TimeoutExtension.interceptTestMethod(TimeoutExtension.java:86) ~[junit-jupiter-engine-6.0.3.jar:6.0.3]
	at org.junit.jupiter.engine.execution.InterceptingExecutableInvoker$ReflectiveInterceptorCall.lambda$ofVoidMethod$0(InterceptingExecutableInvoker.java:123) ~[junit-jupiter-engine-6.0.3.jar:6.0.3]
	at org.junit.jupiter.engine.execution.InterceptingExecutableInvoker.lambda$invoke$0(InterceptingExecutableInvoker.java:105) ~[junit-jupiter-engine-6.0.3.jar:6.0.3]
	at org.junit.jupiter.engine.execution.InvocationInterceptorChain$InterceptedInvocation.proceed(InvocationInterceptorChain.java:99) ~[junit-jupiter-engine-6.0.3.jar:6.0.3]
	at org.junit.jupiter.engine.execution.InvocationInterceptorChain.proceed(InvocationInterceptorChain.java:66) ~[junit-jupiter-engine-6.0.3.jar:6.0.3]
	at org.junit.jupiter.engine.execution.InvocationInterceptorChain.chainAndInvoke(InvocationInterceptorChain.java:47) ~[junit-jupiter-engine-6.0.3.jar:6.0.3]
	at org.junit.jupiter.engine.execution.InvocationInterceptorChain.invoke(InvocationInterceptorChain.java:39) ~[junit-jupiter-engine-6.0.3.jar:6.0.3]
	at org.junit.jupiter.engine.execution.InterceptingExecutableInvoker.invoke(InterceptingExecutableInvoker.java:104) ~[junit-jupiter-engine-6.0.3.jar:6.0.3]
	at org.junit.jupiter.engine.execution.InterceptingExecutableInvoker.invoke(InterceptingExecutableInvoker.java:98) ~[junit-jupiter-engine-6.0.3.jar:6.0.3]
	at org.junit.jupiter.engine.execution.InterceptingExecutableInvoker.invokeVoid(InterceptingExecutableInvoker.java:71) ~[junit-jupiter-engine-6.0.3.jar:6.0.3]
	at org.junit.jupiter.engine.descriptor.TestMethodTestDescriptor.lambda$invokeTestMethod$0(TestMethodTestDescriptor.java:219) ~[junit-jupiter-engine-6.0.3.jar:6.0.3]
	at org.junit.platform.engine.support.hierarchical.ThrowableCollector.execute(ThrowableCollector.java:74) ~[junit-platform-engine-6.0.3.jar:6.0.3]
	at org.junit.jupiter.engine.descriptor.TestMethodTestDescriptor.invokeTestMethod(TestMethodTestDescriptor.java:215) ~[junit-jupiter-engine-6.0.3.jar:6.0.3]
	at org.junit.jupiter.engine.descriptor.TestMethodTestDescriptor.execute(TestMethodTestDescriptor.java:157) ~[junit-jupiter-engine-6.0.3.jar:6.0.3]
	at org.junit.jupiter.engine.descriptor.TestMethodTestDescriptor.execute(TestMethodTestDescriptor.java:70) ~[junit-jupiter-engine-6.0.3.jar:6.0.3]
	at org.junit.platform.engine.support.hierarchical.NodeTestTask.lambda$executeRecursively$2(NodeTestTask.java:176) ~[junit-platform-engine-6.0.3.jar:6.0.3]
	at org.junit.platform.engine.support.hierarchical.ThrowableCollector.execute(ThrowableCollector.java:74) ~[junit-platform-engine-6.0.3.jar:6.0.3]
	at org.junit.platform.engine.support.hierarchical.NodeTestTask.lambda$executeRecursively$1(NodeTestTask.java:166) ~[junit-platform-engine-6.0.3.jar:6.0.3]
	at org.junit.platform.engine.support.hierarchical.Node.around(Node.java:138) ~[junit-platform-engine-6.0.3.jar:6.0.3]
	at org.junit.platform.engine.support.hierarchical.NodeTestTask.lambda$executeRecursively$0(NodeTestTask.java:164) ~[junit-platform-engine-6.0.3.jar:6.0.3]
	at org.junit.platform.engine.support.hierarchical.ThrowableCollector.execute(ThrowableCollector.java:74) ~[junit-platform-engine-6.0.3.jar:6.0.3]
	at org.junit.platform.engine.support.hierarchical.NodeTestTask.executeRecursively(NodeTestTask.java:163) ~[junit-platform-engine-6.0.3.jar:6.0.3]
	at org.junit.platform.engine.support.hierarchical.NodeTestTask.execute(NodeTestTask.java:116) ~[junit-platform-engine-6.0.3.jar:6.0.3]
	at java.base/java.util.ArrayList.forEach(ArrayList.java:1596) ~[na:na]
	at org.junit.platform.engine.support.hierarchical.SameThreadHierarchicalTestExecutorService.invokeAll(SameThreadHierarchicalTestExecutorService.java:42) ~[junit-platform-engine-6.0.3.jar:6.0.3]
	at org.junit.platform.engine.support.hierarchical.NodeTestTask.lambda$executeRecursively$2(NodeTestTask.java:180) ~[junit-platform-engine-6.0.3.jar:6.0.3]
	at org.junit.platform.engine.support.hierarchical.ThrowableCollector.execute(ThrowableCollector.java:74) ~[junit-platform-engine-6.0.3.jar:6.0.3]
	at org.junit.platform.engine.support.hierarchical.NodeTestTask.lambda$executeRecursively$1(NodeTestTask.java:166) ~[junit-platform-engine-6.0.3.jar:6.0.3]
	at org.junit.platform.engine.support.hierarchical.Node.around(Node.java:138) ~[junit-platform-engine-6.0.3.jar:6.0.3]
	at org.junit.platform.engine.support.hierarchical.NodeTestTask.lambda$executeRecursively$0(NodeTestTask.java:164) ~[junit-platform-engine-6.0.3.jar:6.0.3]
	at org.junit.platform.engine.support.hierarchical.ThrowableCollector.execute(ThrowableCollector.java:74) ~[junit-platform-engine-6.0.3.jar:6.0.3]
	at org.junit.platform.engine.support.hierarchical.NodeTestTask.executeRecursively(NodeTestTask.java:163) ~[junit-platform-engine-6.0.3.jar:6.0.3]
	at org.junit.platform.engine.support.hierarchical.NodeTestTask.execute(NodeTestTask.java:116) ~[junit-platform-engine-6.0.3.jar:6.0.3]
	at java.base/java.util.ArrayList.forEach(ArrayList.java:1596) ~[na:na]
	at org.junit.platform.engine.support.hierarchical.SameThreadHierarchicalTestExecutorService.invokeAll(SameThreadHierarchicalTestExecutorService.java:42) ~[junit-platform-engine-6.0.3.jar:6.0.3]
	at org.junit.platform.engine.support.hierarchical.NodeTestTask.lambda$executeRecursively$2(NodeTestTask.java:180) ~[junit-platform-engine-6.0.3.jar:6.0.3]
	at org.junit.platform.engine.support.hierarchical.ThrowableCollector.execute(ThrowableCollector.java:74) ~[junit-platform-engine-6.0.3.jar:6.0.3]
	at org.junit.platform.engine.support.hierarchical.NodeTestTask.lambda$executeRecursively$1(NodeTestTask.java:166) ~[junit-platform-engine-6.0.3.jar:6.0.3]
	at org.junit.platform.engine.support.hierarchical.Node.around(Node.java:138) ~[junit-platform-engine-6.0.3.jar:6.0.3]
	at org.junit.platform.engine.support.hierarchical.NodeTestTask.lambda$executeRecursively$0(NodeTestTask.java:164) ~[junit-platform-engine-6.0.3.jar:6.0.3]
	at org.junit.platform.engine.support.hierarchical.ThrowableCollector.execute(ThrowableCollector.java:74) ~[junit-platform-engine-6.0.3.jar:6.0.3]
	at org.junit.platform.engine.support.hierarchical.NodeTestTask.executeRecursively(NodeTestTask.java:163) ~[junit-platform-engine-6.0.3.jar:6.0.3]
	at org.junit.platform.engine.support.hierarchical.NodeTestTask.execute(NodeTestTask.java:116) ~[junit-platform-engine-6.0.3.jar:6.0.3]
	at org.junit.platform.engine.support.hierarchical.SameThreadHierarchicalTestExecutorService.submit(SameThreadHierarchicalTestExecutorService.java:36) ~[junit-platform-engine-6.0.3.jar:6.0.3]
	at org.junit.platform.engine.support.hierarchical.HierarchicalTestExecutor.execute(HierarchicalTestExecutor.java:52) ~[junit-platform-engine-6.0.3.jar:6.0.3]
	at org.junit.platform.engine.support.hierarchical.HierarchicalTestEngine.execute(HierarchicalTestEngine.java:58) ~[junit-platform-engine-6.0.3.jar:6.0.3]
	at org.junit.platform.launcher.core.EngineExecutionOrchestrator.executeEngine(EngineExecutionOrchestrator.java:246) ~[junit-platform-launcher-6.0.3.jar:6.0.3]
	at org.junit.platform.launcher.core.EngineExecutionOrchestrator.failOrExecuteEngine(EngineExecutionOrchestrator.java:218) ~[junit-platform-launcher-6.0.3.jar:6.0.3]
	at org.junit.platform.launcher.core.EngineExecutionOrchestrator.execute(EngineExecutionOrchestrator.java:179) ~[junit-platform-launcher-6.0.3.jar:6.0.3]
	at org.junit.platform.launcher.core.EngineExecutionOrchestrator.execute(EngineExecutionOrchestrator.java:108) ~[junit-platform-launcher-6.0.3.jar:6.0.3]
	at org.junit.platform.launcher.core.EngineExecutionOrchestrator.lambda$execute$0(EngineExecutionOrchestrator.java:66) ~[junit-platform-launcher-6.0.3.jar:6.0.3]
	at org.junit.platform.launcher.core.EngineExecutionOrchestrator.withInterceptedStreams(EngineExecutionOrchestrator.java:157) ~[junit-platform-launcher-6.0.3.jar:6.0.3]
	at org.junit.platform.launcher.core.EngineExecutionOrchestrator.execute(EngineExecutionOrchestrator.java:65) ~[junit-platform-launcher-6.0.3.jar:6.0.3]
	at org.junit.platform.launcher.core.DefaultLauncher.execute(DefaultLauncher.java:125) ~[junit-platform-launcher-6.0.3.jar:6.0.3]
	at org.junit.platform.launcher.core.DefaultLauncher.execute(DefaultLauncher.java:114) ~[junit-platform-launcher-6.0.3.jar:6.0.3]
	at org.junit.platform.launcher.core.DelegatingLauncher.execute(DelegatingLauncher.java:58) ~[junit-platform-launcher-6.0.3.jar:6.0.3]
	at org.junit.platform.launcher.core.InterceptingLauncher.lambda$execute$2(InterceptingLauncher.java:57) ~[junit-platform-launcher-6.0.3.jar:6.0.3]
	at org.junit.platform.launcher.core.ClasspathAlignmentCheckingLauncherInterceptor.intercept(ClasspathAlignmentCheckingLauncherInterceptor.java:25) ~[junit-platform-launcher-6.0.3.jar:6.0.3]
	at org.junit.platform.launcher.core.InterceptingLauncher.execute(InterceptingLauncher.java:56) ~[junit-platform-launcher-6.0.3.jar:6.0.3]
	at org.junit.platform.launcher.core.DelegatingLauncher.execute(DelegatingLauncher.java:58) ~[junit-platform-launcher-6.0.3.jar:6.0.3]
	at java.base/jdk.internal.reflect.DirectMethodHandleAccessor.invoke(DirectMethodHandleAccessor.java:103) ~[na:na]
	at java.base/java.lang.reflect.Method.invoke(Method.java:580) ~[na:na]
	at org.apache.maven.surefire.api.util.ReflectionUtils.invokeMethodWithArray(ReflectionUtils.java:125) ~[surefire-api-3.5.5.jar:3.5.5]
	at org.apache.maven.surefire.junitplatform.LauncherAdapter.executeWithCancellationToken(LauncherAdapter.java:68) ~[surefire-junit-platform-3.5.5.jar:3.5.5]
	at org.apache.maven.surefire.junitplatform.LauncherAdapter.execute(LauncherAdapter.java:54) ~[surefire-junit-platform-3.5.5.jar:3.5.5]
	at org.apache.maven.surefire.junitplatform.JUnitPlatformProvider.execute(JUnitPlatformProvider.java:203) ~[surefire-junit-platform-3.5.5.jar:3.5.5]
	at org.apache.maven.surefire.junitplatform.JUnitPlatformProvider.invokeAllTests(JUnitPlatformProvider.java:168) ~[surefire-junit-platform-3.5.5.jar:3.5.5]
	at org.apache.maven.surefire.junitplatform.JUnitPlatformProvider.invoke(JUnitPlatformProvider.java:136) ~[surefire-junit-platform-3.5.5.jar:3.5.5]
	at org.apache.maven.surefire.booter.ForkedBooter.runSuitesInProcess(ForkedBooter.java:385) ~[surefire-booter-3.5.5.jar:3.5.5]
	at org.apache.maven.surefire.booter.ForkedBooter.execute(ForkedBooter.java:162) ~[surefire-booter-3.5.5.jar:3.5.5]
	at org.apache.maven.surefire.booter.ForkedBooter.run(ForkedBooter.java:507) ~[surefire-booter-3.5.5.jar:3.5.5]
	at org.apache.maven.surefire.booter.ForkedBooter.main(ForkedBooter.java:495) ~[surefire-booter-3.5.5.jar:3.5.5]
2026-06-11 11:18:48 -INFO - Received createTransaction request for customerId=1
2026-06-11 11:18:48 -INFO - createTransaction completed: transactionId=1-test-uuid status=SUCCESS
2026-06-11 11:18:48 -INFO - Received detectFraud request for customerId=1
2026-06-11 11:18:48 -INFO - detectFraud completed: customerId=1 status=SUCCESS riskScore=0
2026-06-11 11:18:48 -INFO - Received createTransaction request for customerId=1
2026-06-11 11:18:48 -INFO - createTransaction completed: transactionId=1-test-uuid-3 status=BLOCKED
2026-06-11 11:18:48 -INFO - Received detectFraud request for customerId=1
2026-06-11 11:18:48 -INFO - detectFraud completed: customerId=1 status=BLOCKED riskScore=65
2026-06-11 11:18:48 -INFO - Received createTransaction request for customerId=1
2026-06-11 11:18:48 -INFO - createTransaction completed: transactionId=1-test-uuid-2 status=FLAGGED
2026-06-11 11:18:48 -INFO - Detecting fraud for customerId=1 amount=1000 channel=UPI
2026-06-11 11:18:48 -INFO - Evaluated fraud for customerId=1 riskScore=90 status=BLOCKED reasons=KYC is not verified, Account is not active
2026-06-11 11:18:48 -INFO - Detect fraud result: customerId=1 status=BLOCKED riskScore=90
2026-06-11 11:18:48 -INFO - Detecting fraud for customerId=1 amount=100 channel=ONLINE_BANKING
2026-06-11 11:18:48 -INFO - Evaluated fraud for customerId=1 riskScore=0 status=SUCCESS reasons=No fraud indicators detected
2026-06-11 11:18:48 -INFO - Detect fraud result: customerId=1 status=SUCCESS riskScore=0
2026-06-11 11:18:48 -INFO - Detecting fraud for customerId=1 amount=60000 channel=ONLINE_BANKING
2026-06-11 11:18:48 -INFO - Evaluated fraud for customerId=1 riskScore=30 status=FLAGGED reasons=High-value transaction above 50000
2026-06-11 11:18:48 -INFO - Detect fraud result: customerId=1 status=FLAGGED riskScore=30
2026-06-11 11:18:48 -INFO - Creating transaction for customerId=1 amount=200 channel=ONLINE_BANKING
2026-06-11 11:18:48 -INFO - Evaluated fraud for customerId=1 riskScore=0 status=SUCCESS reasons=No fraud indicators detected
2026-06-11 11:18:48 -INFO - Fraud evaluation result: status=SUCCESS riskScore=0
2026-06-11 11:18:48 -INFO - Transaction saved with id=1-test-id for customerId=1
2026-06-11 11:18:48 -INFO - Closing JPA EntityManagerFactory for persistence unit 'default'
2026-06-11 11:18:48 -INFO - HikariPool-2 - Shutdown initiated...
2026-06-11 11:18:48 -INFO - HikariPool-2 - Shutdown completed.
